--------------------------------------------------------------------------------
Release 14.7 Trace  (nt)
Copyright (c) 1995-2013 Xilinx, Inc.  All rights reserved.

D:\ise\14.7\ISE_DS\ISE\bin\nt\unwrapped\trce.exe -intstyle ise -v 3 -s 2L -n 3
-fastpaths -xml compare.twx compare.ncd -o compare.twr compare.pcf -ucf
compare.ucf

Design file:              compare.ncd
Physical constraint file: compare.pcf
Device,package,speed:     xc7a100t,fgg484,C,-2L (PRODUCTION 1.10 2013-10-13)
Report level:             verbose report

Environment Variable      Effect 
--------------------      ------ 
NONE                      No environment variables were set
--------------------------------------------------------------------------------

INFO:Timing:2698 - No timing constraints found, doing default enumeration.
INFO:Timing:3412 - To improve timing, see the Timing Closure User Guide (UG612).
INFO:Timing:2752 - To get complete path coverage, use the unconstrained paths 
   option. All paths that are not constrained will be reported in the 
   unconstrained paths section(s) of the report.
INFO:Timing:3339 - The clock-to-out numbers in this timing report are based on 
   a 50 Ohm transmission line loading model.  For the details of this model, 
   and for more information on accounting for different loading conditions, 
   please see the device datasheet.



Data Sheet report:
-----------------
All values displayed in nanoseconds (ns)

Pad to Pad
---------------+---------------+---------+
Source Pad     |Destination Pad|  Delay  |
---------------+---------------+---------+
A<0>           |Y<0>           |    6.995|
A<0>           |Y<1>           |    6.825|
A<0>           |Y<2>           |    6.683|
A<1>           |Y<0>           |    7.657|
A<1>           |Y<1>           |    7.487|
A<1>           |Y<2>           |    7.345|
A<2>           |Y<0>           |    6.426|
A<2>           |Y<1>           |    5.917|
A<2>           |Y<2>           |    6.549|
A<3>           |Y<0>           |    6.482|
A<3>           |Y<1>           |    6.194|
A<3>           |Y<2>           |    6.741|
B<0>           |Y<0>           |    7.723|
B<0>           |Y<1>           |    7.553|
B<0>           |Y<2>           |    7.411|
B<1>           |Y<0>           |    7.704|
B<1>           |Y<1>           |    7.534|
B<1>           |Y<2>           |    7.392|
B<2>           |Y<0>           |    6.668|
B<2>           |Y<1>           |    6.778|
B<2>           |Y<2>           |    6.979|
B<3>           |Y<0>           |    6.683|
B<3>           |Y<1>           |    6.416|
B<3>           |Y<2>           |    6.673|
---------------+---------------+---------+


Analysis completed Wed Nov 10 11:04:35 2021 
--------------------------------------------------------------------------------

Trace Settings:
-------------------------
Trace Settings 

Peak Memory Usage: 410 MB



