Release 14.7 - ngc2edif P.20131013 (nt64)
Copyright (c) 1995-2013 Xilinx, Inc.  All rights reserved.
Reading design compare.ngc ...
WARNING:NetListWriters:298 - No output is written to compare.xncf, ignored.
Processing design ...
   Preping design's networks ...
   Preping design's macros ...
  finished :Prep
Writing EDIF netlist file compare.edif ...
ngc2edif: Total memory usage is 4317172 kilobytes

Release 14.7 - ngc2edif P.20131013 (nt64)
Copyright (c) 1995-2013 Xilinx, Inc.  All rights reserved.
Reading design compare.ngc ...
WARNING:NetListWriters:298 - No output is written to compare.xncf, ignored.
Processing design ...
   Preping design's networks ...
   Preping design's macros ...
  finished :Prep
Writing EDIF netlist file compare.edif ...
ngc2edif: Total memory usage is 4316404 kilobytes

Release 14.7 - ngc2edif P.20131013 (nt64)
Copyright (c) 1995-2013 Xilinx, Inc.  All rights reserved.
Reading design compare.ngc ...
WARNING:NetListWriters:298 - No output is written to compare.xncf, ignored.
Processing design ...
   Preping design's networks ...
   Preping design's macros ...
  finished :Prep
Writing EDIF netlist file compare.edif ...
ngc2edif: Total memory usage is 4316852 kilobytes

Release 14.7 - ngc2edif P.20131013 (nt64)
Copyright (c) 1995-2013 Xilinx, Inc.  All rights reserved.
Reading design compare.ngc ...
WARNING:NetListWriters:298 - No output is written to compare.xncf, ignored.
Processing design ...
   Preping design's networks ...
   Preping design's macros ...
  finished :Prep
Writing EDIF netlist file compare.edif ...
ngc2edif: Total memory usage is 4316212 kilobytes

Release 14.7 - ngc2edif P.20131013 (nt64)
Copyright (c) 1995-2013 Xilinx, Inc.  All rights reserved.
Reading design compare.ngc ...
WARNING:NetListWriters:298 - No output is written to compare.xncf, ignored.
Processing design ...
   Preping design's networks ...
   Preping design's macros ...
  finished :Prep
Writing EDIF netlist file compare.edif ...
ngc2edif: Total memory usage is 4316852 kilobytes

Release 14.7 - ngc2edif P.20131013 (nt64)
Copyright (c) 1995-2013 Xilinx, Inc.  All rights reserved.
Reading design compare.ngc ...
WARNING:NetListWriters:298 - No output is written to compare.xncf, ignored.
Processing design ...
   Preping design's networks ...
   Preping design's macros ...
  finished :Prep
Writing EDIF netlist file compare.edif ...
ngc2edif: Total memory usage is 4317172 kilobytes

Release 14.7 - ngc2edif P.20131013 (nt64)
Copyright (c) 1995-2013 Xilinx, Inc.  All rights reserved.
Reading design compare.ngc ...
WARNING:NetListWriters:298 - No output is written to compare.xncf, ignored.
Processing design ...
   Preping design's networks ...
   Preping design's macros ...
  finished :Prep
Writing EDIF netlist file compare.edif ...
ngc2edif: Total memory usage is 4316852 kilobytes

